<?xml version="1.0" encoding="UTF-8"?>
<testsuite xmlns:xsi="http://www.w3.org/2001/XMLSchema-instance" xsi:noNamespaceSchemaLocation="https://maven.apache.org/surefire/maven-surefire-plugin/xsd/surefire-test-report.xsd" name="com.juliano.clustering.AppTest" time="0.003" tests="1" errors="0" skipped="0" failures="0">
  <properties>
    <property name="sun.desktop" value="windows"/>
    <property name="awt.toolkit" value="sun.awt.windows.WToolkit"/>
    <property name="file.encoding.pkg" value="sun.io"/>
    <property name="java.specification.version" value="1.8"/>
    <property name="sun.cpu.isalist" value="amd64"/>
    <property name="sun.jnu.encoding" value="Cp1252"/>
    <property name="java.class.path" value="C:\Users\JJ\Documents\HW-Assign-InputDomainModeling\Clustering-Testing\target\test-classes;C:\Users\JJ\Documents\HW-Assign-InputDomainModeling\Clustering-Testing\target\classes;C:\Users\JJ\.m2\repository\junit\junit\3.8.1\junit-3.8.1.jar;C:\Users\JJ\Documents\HW-Assign-InputDomainModeling\Clustering-Testing\lib\javaml-0.1.7.jar;C:\Users\JJ\Documents\HW-Assign-InputDomainModeling\Clustering-Testing\lib\Jama-1.0.2.jar;C:\Users\JJ\Documents\HW-Assign-InputDomainModeling\Clustering-Testing\lib\ajt-2.9.jar;C:\Users\JJ\Documents\HW-Assign-InputDomainModeling\Clustering-Testing\lib\commons-math-1.2.jar;C:\Users\JJ\Documents\HW-Assign-InputDomainModeling\Clustering-Testing\lib\libsvm.jar;C:\Users\JJ\Documents\HW-Assign-InputDomainModeling\Clustering-Testing\lib\weka.jar;"/>
    <property name="java.vm.vendor" value="Oracle Corporation"/>
    <property name="sun.arch.data.model" value="64"/>
    <property name="user.variant" value=""/>
    <property name="java.vendor.url" value="http://java.oracle.com/"/>
    <property name="user.timezone" value="America/New_York"/>
    <property name="java.vm.specification.version" value="1.8"/>
    <property name="os.name" value="Windows 10"/>
    <property name="user.country" value="CA"/>
    <property name="sun.java.launcher" value="SUN_STANDARD"/>
    <property name="sun.boot.library.path" value="C:\Program Files\Java\jdk1.8.0_192\jre\bin"/>
    <property name="sun.java.command" value="C:\Users\JJ\AppData\Local\Temp\surefire3939608604421555299\surefirebooter4021130920970255132.jar C:\Users\JJ\AppData\Local\Temp\surefire3939608604421555299 2024-02-27T15-05-41_130-jvmRun1 surefire206076017230201528tmp surefire_06783843834194947672tmp"/>
    <property name="surefire.test.class.path" value="C:\Users\JJ\Documents\HW-Assign-InputDomainModeling\Clustering-Testing\target\test-classes;C:\Users\JJ\Documents\HW-Assign-InputDomainModeling\Clustering-Testing\target\classes;C:\Users\JJ\.m2\repository\junit\junit\3.8.1\junit-3.8.1.jar;C:\Users\JJ\Documents\HW-Assign-InputDomainModeling\Clustering-Testing\lib\javaml-0.1.7.jar;C:\Users\JJ\Documents\HW-Assign-InputDomainModeling\Clustering-Testing\lib\Jama-1.0.2.jar;C:\Users\JJ\Documents\HW-Assign-InputDomainModeling\Clustering-Testing\lib\ajt-2.9.jar;C:\Users\JJ\Documents\HW-Assign-InputDomainModeling\Clustering-Testing\lib\commons-math-1.2.jar;C:\Users\JJ\Documents\HW-Assign-InputDomainModeling\Clustering-Testing\lib\libsvm.jar;C:\Users\JJ\Documents\HW-Assign-InputDomainModeling\Clustering-Testing\lib\weka.jar;"/>
    <property name="sun.cpu.endian" value="little"/>
    <property name="user.home" value="C:\Users\JJ"/>
    <property name="user.language" value="en"/>
    <property name="java.specification.vendor" value="Oracle Corporation"/>
    <property name="java.home" value="C:\Program Files\Java\jdk1.8.0_192\jre"/>
    <property name="basedir" value="C:\Users\JJ\Documents\HW-Assign-InputDomainModeling\Clustering-Testing"/>
    <property name="file.separator" value="\"/>
    <property name="line.separator" value="&#10;"/>
    <property name="java.vm.specification.vendor" value="Oracle Corporation"/>
    <property name="java.specification.name" value="Java Platform API Specification"/>
    <property name="java.awt.graphicsenv" value="sun.awt.Win32GraphicsEnvironment"/>
    <property name="surefire.real.class.path" value="C:\Users\JJ\AppData\Local\Temp\surefire3939608604421555299\surefirebooter4021130920970255132.jar"/>
    <property name="sun.boot.class.path" value="C:\Program Files\Java\jdk1.8.0_192\jre\lib\resources.jar;C:\Program Files\Java\jdk1.8.0_192\jre\lib\rt.jar;C:\Program Files\Java\jdk1.8.0_192\jre\lib\sunrsasign.jar;C:\Program Files\Java\jdk1.8.0_192\jre\lib\jsse.jar;C:\Program Files\Java\jdk1.8.0_192\jre\lib\jce.jar;C:\Program Files\Java\jdk1.8.0_192\jre\lib\charsets.jar;C:\Program Files\Java\jdk1.8.0_192\jre\lib\jfr.jar;C:\Program Files\Java\jdk1.8.0_192\jre\classes"/>
    <property name="user.script" value=""/>
    <property name="sun.management.compiler" value="HotSpot 64-Bit Tiered Compilers"/>
    <property name="java.runtime.version" value="1.8.0_192-b12"/>
    <property name="user.name" value="JJ"/>
    <property name="path.separator" value=";"/>
    <property name="os.version" value="10.0"/>
    <property name="java.endorsed.dirs" value="C:\Program Files\Java\jdk1.8.0_192\jre\lib\endorsed"/>
    <property name="java.runtime.name" value="Java(TM) SE Runtime Environment"/>
    <property name="file.encoding" value="Cp1252"/>
    <property name="java.vm.name" value="Java HotSpot(TM) 64-Bit Server VM"/>
    <property name="localRepository" value="C:\Users\JJ\.m2\repository"/>
    <property name="java.vendor.url.bug" value="http://bugreport.sun.com/bugreport/"/>
    <property name="java.io.tmpdir" value="C:\Users\JJ\AppData\Local\Temp\"/>
    <property name="java.version" value="1.8.0_192"/>
    <property name="user.dir" value="C:\Users\JJ\Documents\HW-Assign-InputDomainModeling\Clustering-Testing"/>
    <property name="os.arch" value="amd64"/>
    <property name="java.vm.specification.name" value="Java Virtual Machine Specification"/>
    <property name="java.awt.printerjob" value="sun.awt.windows.WPrinterJob"/>
    <property name="sun.os.patch.level" value=""/>
    <property name="java.library.path" value="C:\Program Files\Java\jdk1.8.0_192\jre\bin;C:\WINDOWS\Sun\Java\bin;C:\WINDOWS\system32;C:\WINDOWS;C:\Program Files (x86)\Common Files\Oracle\Java\javapath;C:\Program Files\Microsoft\jdk-11.0.12.7-hotspot\bin;C:\Program Files\National Instruments\Shared\OpenVINO\;C:\Program Files\Java\jdk1.8.0_172;C:\Windows\system32;C:\Windows;C:\Windows\System32\Wbem;C:\Windows\System32\WindowsPowerShell\v1.0\;C:\WINDOWS\system32;C:\WINDOWS;C:\WINDOWS\System32\Wbem;C:\WINDOWS\System32\WindowsPowerShell\v1.0\;C:\WINDOWS\System32\OpenSSH\;C:\Program Files\Git\cmd;F:\Program Files\MATLAB\R2021a\bin;C:\Program Files\MATLAB\R2018a\runtime\win64;C:\Program Files\MATLAB\R2018a\bin;C:\metasploit-framework\bin\;C:\Program Files (x86)\Intel\Intel(R) Management Engine Components\DAL;C:\Program Files\Intel\Intel(R) Management Engine Components\DAL;C:\WINDOWS\system32;C:\WINDOWS;C:\WINDOWS\System32\Wbem;C:\WINDOWS\System32\WindowsPowerShell\v1.0\;C:\WINDOWS\System32\OpenSSH\;C:\Program Files (x86)\IVI Foundation\VISA\WinNT\Bin\;C:\Program Files\IVI Foundation\VISA\Win64\Bin\;C:\Program Files (x86)\National Instruments\Shared\LabVIEW CLI;C:\Program Files (x86)\IVI Foundation\VISA\WinNT\Bin;F:\Program Files (x86)\IncrediBuild;C:\Program Files (x86)\Windows Kits\8.1\Windows Performance Toolkit\;C:\Program Files\NVIDIA Corporation\NVIDIA NvDLISR;C:\Program Files\Microsoft SQL Server\150\Tools\Binn\;C:\Program Files\Microsoft SQL Server\Client SDK\ODBC\170\Tools\Binn\;C:\Program Files\dotnet\;C:\Users\JJ\AppData\Local\Programs\Python\Python38\Scripts\;C:\Users\JJ\AppData\Local\Programs\Python\Python38\;C:\Users\JJ\AppData\Local\Programs\Python\Python37-32\Scripts\;C:\Users\JJ\AppData\Local\Programs\Python\Python37-32\;C:\Users\JJ\AppData\Local\Microsoft\WindowsApps;C:\Program Files (x86)\Nmap;C:\Users\JJ\.dotnet\tools;C:\Users\JJ\AppData\Local\Programs\Microsoft VS Code\bin;C:\Program Files\apache-maven-3.9.6\bin;;."/>
    <property name="java.vm.info" value="mixed mode"/>
    <property name="java.vendor" value="Oracle Corporation"/>
    <property name="java.vm.version" value="25.192-b12"/>
    <property name="java.ext.dirs" value="C:\Program Files\Java\jdk1.8.0_192\jre\lib\ext;C:\WINDOWS\Sun\Java\lib\ext"/>
    <property name="sun.io.unicode.encoding" value="UnicodeLittle"/>
    <property name="java.class.version" value="52.0"/>
  </properties>
  <testcase name="testApp" classname="com.juliano.clustering.AppTest" time="0"/>
</testsuite>